 2024-08-08 09:04:22,700 : INFO : test_BankApp_Url_001  : Testcase test_BankApp_Url_001 is started  
 2024-08-08 09:04:22,701 : INFO : test_BankApp_Url_001  : Opening browser  
 2024-08-08 09:04:22,701 : INFO : test_BankApp_Url_001  : Checking page title  
 2024-08-08 09:04:22,705 : INFO : test_BankApp_Url_001  : Testcase test_BankApp_Url_001 is passed  
 2024-08-08 09:04:22,708 : INFO : test_BankApp_Url_001  : Taking screenshot  
 2024-08-08 09:04:23,127 : INFO : test_BankApp_Url_001  : Testcase test_BankApp_Url_001 is completed
  
 2024-08-08 09:04:39,387 : INFO : test_Signup_002  : Testcase test_Signup_002 is started  
 2024-08-08 09:04:39,388 : INFO : test_Signup_002  : Opening browser  
 2024-08-08 09:04:40,041 : INFO : test_Signup_002  : Entering the Username  
 2024-08-08 09:04:40,466 : INFO : test_Signup_002  : Entering the Password  
 2024-08-08 09:04:40,522 : INFO : test_Signup_002  : Entering the Email  
 2024-08-08 09:04:40,558 : INFO : test_Signup_002  : Entering the Phone  
 2024-08-08 09:04:40,580 : INFO : test_Signup_002  : Click on Create user button  
 2024-08-08 09:04:56,499 : INFO : test_Login_003  : Testcase test_Login_003 is started  
 2024-08-08 09:04:56,501 : INFO : test_Login_003  : Opening browser  
 2024-08-08 09:04:56,501 : INFO : test_Login_003  : Click on Login link  
 2024-08-08 09:04:57,263 : INFO : test_Login_003  : Entering the username  
 2024-08-08 09:04:58,313 : INFO : test_Login_003  : Entering the password  
 2024-08-08 09:04:58,430 : INFO : test_Login_003  : Click on login button  
 2024-08-08 09:04:59,438 : INFO : test_Login_003  : Checking the page title  
 2024-08-08 09:04:59,446 : INFO : test_Login_003  : Testcase test_Login_003 is passed  
 2024-08-08 09:04:59,446 : INFO : test_Login_003  : Taking screenshot  
 2024-08-08 09:05:00,028 : INFO : test_Login_003  : Testcase test_Login_003 is completed
  
 2024-08-08 09:11:16,057 : INFO : test_BankApp_Url_001  : Testcase test_BankApp_Url_001 is started  
 2024-08-08 09:11:16,057 : INFO : test_BankApp_Url_001  : Opening browser  
 2024-08-08 09:11:16,058 : INFO : test_BankApp_Url_001  : Checking page title  
 2024-08-08 09:11:16,058 : INFO : test_Login_003  : Testcase test_Login_003 is started  
 2024-08-08 09:11:16,059 : INFO : test_Login_003  : Opening browser  
 2024-08-08 09:11:16,059 : INFO : test_Login_003  : Click on Login link  
 2024-08-08 09:11:16,066 : INFO : test_Signup_002  : Testcase test_Signup_002 is started  
 2024-08-08 09:11:16,066 : INFO : test_Signup_002  : Opening browser  
 2024-08-08 09:11:16,069 : INFO : test_BankApp_Url_001  : Testcase test_BankApp_Url_001 is passed  
 2024-08-08 09:11:16,069 : INFO : test_BankApp_Url_001  : Taking screenshot  
 2024-08-08 09:11:16,227 : INFO : test_BankApp_Url_001  : Testcase test_BankApp_Url_001 is completed
  
 2024-08-08 09:11:16,573 : INFO : test_Signup_002  : Entering the Username  
 2024-08-08 09:11:16,576 : INFO : test_Login_003  : Entering the username  
 2024-08-08 09:11:16,729 : INFO : test_Login_003  : Entering the password  
 2024-08-08 09:11:16,746 : INFO : test_Signup_002  : Entering the Password  
 2024-08-08 09:11:16,858 : INFO : test_Signup_002  : Entering the Email  
 2024-08-08 09:11:16,888 : INFO : test_Login_003  : Click on login button  
 2024-08-08 09:11:16,984 : INFO : test_Signup_002  : Entering the Phone  
 2024-08-08 09:11:17,095 : INFO : test_Signup_002  : Click on Create user button  
 2024-08-08 09:11:17,961 : INFO : test_Login_003  : Checking the page title  
 2024-08-08 09:11:17,961 : INFO : test_Signup_002  : Checking user creation  
 2024-08-08 09:11:17,989 : INFO : test_Login_003  : Testcase test_Login_003 is passed  
 2024-08-08 09:11:17,990 : INFO : test_Login_003  : Taking screenshot  
 2024-08-08 09:11:18,186 : INFO : test_Login_003  : Testcase test_Login_003 is completed
  
 2024-08-08 09:11:23,059 : INFO : test_Signup_002  : Testcase test_Signup_002 is fail  
 2024-08-08 09:11:23,061 : INFO : test_Signup_002  : Taking screenshot  
 2024-08-08 09:11:23,302 : INFO : test_Signup_002  : Testcase test_Signup_002 is completed
  
 2024-08-08 09:12:24,617 : INFO : test_BankApp_Url_001  : Testcase test_BankApp_Url_001 is started  
 2024-08-08 09:12:24,617 : INFO : test_BankApp_Url_001  : Opening browser  
 2024-08-08 09:12:24,618 : INFO : test_BankApp_Url_001  : Checking page title  
 2024-08-08 09:12:24,625 : INFO : test_BankApp_Url_001  : Testcase test_BankApp_Url_001 is passed  
 2024-08-08 09:12:24,625 : INFO : test_BankApp_Url_001  : Taking screenshot  
 2024-08-08 09:12:24,711 : INFO : test_Signup_002  : Testcase test_Signup_002 is started  
 2024-08-08 09:12:24,712 : INFO : test_Signup_002  : Opening browser  
 2024-08-08 09:12:24,815 : INFO : test_BankApp_Url_001  : Testcase test_BankApp_Url_001 is completed
  
 2024-08-08 09:12:25,016 : INFO : test_Login_003  : Testcase test_Login_003 is started  
 2024-08-08 09:12:25,016 : INFO : test_Login_003  : Opening browser  
 2024-08-08 09:12:25,016 : INFO : test_Login_003  : Click on Login link  
 2024-08-08 09:12:25,269 : INFO : test_Signup_002  : Entering the Username  
 2024-08-08 09:12:25,392 : INFO : test_Signup_002  : Entering the Password  
 2024-08-08 09:12:25,436 : INFO : test_Login_003  : Entering the username  
 2024-08-08 09:12:25,538 : INFO : test_Signup_002  : Entering the Email  
 2024-08-08 09:12:25,612 : INFO : test_Login_003  : Entering the password  
 2024-08-08 09:12:25,658 : INFO : test_Signup_002  : Entering the Phone  
 2024-08-08 09:12:25,725 : INFO : test_Login_003  : Click on login button  
 2024-08-08 09:12:25,776 : INFO : test_Signup_002  : Click on Create user button  
 2024-08-08 09:12:26,659 : INFO : test_Signup_002  : Checking user creation  
 2024-08-08 09:12:26,690 : INFO : test_Login_003  : Checking the page title  
 2024-08-08 09:12:26,707 : INFO : test_Login_003  : Testcase test_Login_003 is passed  
 2024-08-08 09:12:26,707 : INFO : test_Login_003  : Taking screenshot  
 2024-08-08 09:12:26,936 : INFO : test_Login_003  : Testcase test_Login_003 is completed
  
 2024-08-08 09:12:31,718 : INFO : test_Signup_002  : Testcase test_Signup_002 is fail  
 2024-08-08 09:12:31,719 : INFO : test_Signup_002  : Taking screenshot  
 2024-08-08 09:12:32,078 : INFO : test_Signup_002  : Testcase test_Signup_002 is completed
  
 2024-08-08 10:17:21,058 : INFO : test_Login_003  : Testcase test_Login_003 is started  
 2024-08-08 10:17:21,059 : INFO : test_Login_003  : Opening browser  
 2024-08-08 10:17:21,059 : INFO : test_Login_003  : Click on Login link  
 2024-08-08 10:17:21,698 : INFO : test_Login_003  : Entering the username  
 2024-08-08 10:17:21,856 : INFO : test_Login_003  : Entering the password  
 2024-08-08 10:17:21,947 : INFO : test_Login_003  : Click on login button  
 2024-08-08 10:17:23,020 : INFO : test_Login_003  : Checking the page title  
 2024-08-08 10:17:23,029 : INFO : test_Login_003  : Testcase test_Login_003 is passed  
 2024-08-08 10:17:23,029 : INFO : test_Login_003  : Taking screenshot  
 2024-08-08 10:17:23,716 : INFO : test_Login_003  : Testcase test_Login_003 is completed
  
 2024-08-08 10:20:18,508 : INFO : test_Login_003  : Testcase test_Login_003 is started  
 2024-08-08 10:20:18,509 : INFO : test_Login_003  : Opening browser  
 2024-08-08 10:20:18,509 : INFO : test_Login_003  : Click on Login link  
 2024-08-08 10:20:19,034 : INFO : test_Login_003  : Entering the username  
 2024-08-08 10:20:19,277 : INFO : test_Login_003  : Entering the password  
 2024-08-08 10:20:19,435 : INFO : test_Login_003  : Click on login button  
 2024-08-08 10:20:20,463 : INFO : test_Login_003  : Checking the page title  
 2024-08-08 10:20:20,476 : INFO : test_Login_003  : Testcase test_Login_003 is passed  
 2024-08-08 10:20:20,476 : INFO : test_Login_003  : Taking screenshot  
 2024-08-08 10:20:20,705 : INFO : test_Login_003  : Testcase test_Login_003 is completed
  
 2024-08-08 10:27:58,188 : INFO : test_Login_003  : Testcase test_Login_003 is started  
 2024-08-08 10:27:58,189 : INFO : test_Login_003  : Opening browser  
 2024-08-08 10:27:58,189 : INFO : test_Login_003  : Click on Login link  
 2024-08-08 10:27:58,700 : INFO : test_Login_003  : Entering the username  
 2024-08-08 10:27:58,816 : INFO : test_Login_003  : Entering the password  
 2024-08-08 10:27:58,900 : INFO : test_Login_003  : Click on login button  
 2024-08-08 10:27:59,893 : INFO : test_Login_003  : Checking the page title  
 2024-08-08 10:27:59,902 : INFO : test_Login_003  : Testcase test_Login_003 is passed  
 2024-08-08 10:27:59,902 : INFO : test_Login_003  : Taking screenshot  
 2024-08-08 10:28:00,058 : INFO : test_Login_003  : Testcase test_Login_003 is completed
  
 2024-08-08 10:28:30,929 : INFO : test_Login_003  : Testcase test_Login_003 is started  
 2024-08-08 10:28:30,930 : INFO : test_Login_003  : Opening browser  
 2024-08-08 10:28:30,930 : INFO : test_Login_003  : Click on Login link  
 2024-08-08 10:28:31,581 : INFO : test_Login_003  : Entering the username  
 2024-08-08 10:28:31,778 : INFO : test_Login_003  : Entering the password  
 2024-08-08 10:28:31,942 : INFO : test_Login_003  : Click on login button  
 2024-08-08 10:28:32,802 : INFO : test_Login_003  : Checking the page title  
 2024-08-08 10:28:32,814 : INFO : test_Login_003  : Testcase test_Login_003 is passed  
 2024-08-08 10:28:32,814 : INFO : test_Login_003  : Taking screenshot  
 2024-08-08 10:28:33,257 : INFO : test_Login_003  : Testcase test_Login_003 is completed
  
 2024-08-08 19:23:19,346 : INFO : test_Signup_002  : Testcase test_Signup_002 is started  
 2024-08-08 19:23:19,348 : INFO : test_Signup_002  : Opening browser  
 2024-08-08 19:23:20,228 : INFO : test_Signup_002  : Entering the Username  
 2024-08-08 19:23:57,286 : INFO : test_Signup_002  : Testcase test_Signup_002 is started  
 2024-08-08 19:23:57,294 : INFO : test_Signup_002  : Opening browser  
 2024-08-08 19:23:58,122 : INFO : test_Signup_002  : Entering the Username  
 2024-08-08 19:23:58,436 : INFO : test_Signup_002  : Entering the Password  
 2024-08-08 19:23:58,653 : INFO : test_Signup_002  : Entering the Email  
 2024-08-08 19:23:58,928 : INFO : test_Signup_002  : Entering the Phone  
 2024-08-08 19:23:59,089 : INFO : test_Signup_002  : Click on Create user button  
 2024-08-08 19:23:59,633 : INFO : test_Signup_002  : Checking user creation  
 2024-08-08 19:24:00,685 : INFO : test_Signup_002  : Testcase test_Signup_002 is passed  
 2024-08-08 19:24:00,686 : INFO : test_Signup_002  : Taking screenshot  
 2024-08-08 19:24:01,066 : INFO : test_Signup_002  : Testcase test_Signup_002 is completed
  
 2024-08-08 19:24:59,542 : INFO : test_Signup_002  : Testcase test_Signup_002 is started  
 2024-08-08 19:24:59,542 : INFO : test_Signup_002  : Opening browser  
 2024-08-08 19:25:00,364 : INFO : test_Signup_002  : User1LLY9bqc  
 2024-08-08 19:25:00,849 : INFO : test_Signup_002  : Entering the Password  
 2024-08-08 19:25:01,059 : INFO : test_Signup_002  : UserPsWaW0Wm@example.com  
 2024-08-08 19:25:01,356 : INFO : test_Signup_002  : 5267663877  
 2024-08-08 19:25:02,304 : INFO : test_Signup_002  : Click on Create user button  
 2024-08-08 19:25:03,708 : INFO : test_Signup_002  : Checking user creation  
 2024-08-08 19:25:04,907 : INFO : test_Signup_002  : Testcase test_Signup_002 is passed  
 2024-08-08 19:25:04,907 : INFO : test_Signup_002  : Taking screenshot  
 2024-08-08 19:25:05,330 : INFO : test_Signup_002  : Testcase test_Signup_002 is completed
  
 2024-08-08 19:25:46,181 : INFO : test_Signup_002  : Testcase test_Signup_002 is started  
 2024-08-08 19:25:46,181 : INFO : test_Signup_002  : Opening browser  
 2024-08-08 19:25:46,775 : INFO : test_Signup_002  : UserCCKTCL  
 2024-08-08 19:25:47,036 : INFO : test_Signup_002  : Entering the Password  
 2024-08-08 19:25:47,209 : INFO : test_Signup_002  : User1mh3Wj@example.com  
 2024-08-08 19:25:47,329 : INFO : test_Signup_002  : 2219243942  
 2024-08-08 19:25:47,427 : INFO : test_Signup_002  : Click on Create user button  
 2024-08-08 19:25:47,856 : INFO : test_Signup_002  : Checking user creation  
 2024-08-08 19:25:48,965 : INFO : test_Signup_002  : Testcase test_Signup_002 is passed  
 2024-08-08 19:25:48,966 : INFO : test_Signup_002  : Taking screenshot  
 2024-08-08 19:25:49,255 : INFO : test_Signup_002  : Testcase test_Signup_002 is completed
  
 2024-08-08 19:26:20,430 : INFO : test_Signup_002  : Testcase test_Signup_002 is started  
 2024-08-08 19:26:20,430 : INFO : test_Signup_002  : Opening browser  
 2024-08-08 19:26:20,910 : INFO : test_Signup_002  : User5ISEwg  
 2024-08-08 19:26:21,223 : INFO : test_Signup_002  : Entering the Password  
 2024-08-08 19:26:21,321 : INFO : test_Signup_002  : UserXtPY5x@example.com  
 2024-08-08 19:26:21,618 : INFO : test_Signup_002  : 8367607171  
 2024-08-08 19:26:21,752 : INFO : test_Signup_002  : Click on Create user button  
 2024-08-08 19:26:22,391 : INFO : test_Signup_002  : Checking user creation  
 2024-08-08 19:26:23,450 : INFO : test_Signup_002  : Testcase test_Signup_002 is passed  
 2024-08-08 19:26:23,450 : INFO : test_Signup_002  : Taking screenshot  
 2024-08-08 19:26:23,665 : INFO : test_Signup_002  : Testcase test_Signup_002 is completed
  
 2024-08-08 19:26:43,639 : INFO : test_Signup_002  : Testcase test_Signup_002 is started  
 2024-08-08 19:26:43,639 : INFO : test_Signup_002  : Opening browser  
 2024-08-08 19:26:44,596 : INFO : test_Signup_002  : User8XASY2  
 2024-08-08 19:26:44,882 : INFO : test_Signup_002  : Entering the Password  
 2024-08-08 19:26:45,415 : INFO : test_Signup_002  : UserHkkqun@example.com  
 2024-08-08 19:26:45,828 : INFO : test_Signup_002  : 3815297725  
 2024-08-08 19:26:46,272 : INFO : test_Signup_002  : Click on Create user button  
 2024-08-08 19:26:47,121 : INFO : test_Signup_002  : Checking user creation  
 2024-08-08 19:26:48,256 : INFO : test_Signup_002  : Testcase test_Signup_002 is passed  
 2024-08-08 19:26:48,257 : INFO : test_Signup_002  : Taking screenshot  
 2024-08-08 19:26:48,487 : INFO : test_Signup_002  : Testcase test_Signup_002 is completed
  
 2024-08-09 07:28:42,194 : INFO : test_Signup_002  : Testcase test_Signup_002 is started  
 2024-08-09 07:28:42,195 : INFO : test_Signup_002  : Opening browser  
 2024-08-09 07:28:42,746 : INFO : test_Signup_002  : User3iELuU  
 2024-08-09 07:28:42,927 : INFO : test_Signup_002  : Entering the Password  
 2024-08-09 07:28:43,036 : INFO : test_Signup_002  : Usere3f0VV@example.com  
 2024-08-09 07:28:43,121 : INFO : test_Signup_002  : 7836488500  
 2024-08-09 07:28:43,211 : INFO : test_Signup_002  : Click on Create user button  
 2024-08-09 07:28:43,532 : INFO : test_Signup_002  : Checking user creation  
 2024-08-09 07:28:44,646 : INFO : test_Signup_002  : Testcase test_Signup_002 is passed  
 2024-08-09 07:28:44,646 : INFO : test_Signup_002  : Taking screenshot  
 2024-08-09 07:28:44,752 : INFO : test_Signup_002  : Testcase test_Signup_002 is completed
  
 2024-08-09 07:30:20,266 : INFO : test_Signup_002  : Testcase test_Signup_002 is started  
 2024-08-09 07:30:20,267 : INFO : test_Signup_002  : Opening browser  
 2024-08-09 07:30:20,809 : INFO : test_Signup_002  : UserAvqyMV  
 2024-08-09 07:30:20,955 : INFO : test_Signup_002  : Entering the Password  
 2024-08-09 07:30:21,038 : INFO : test_Signup_002  : UseriFvnLC@gmail.com  
 2024-08-09 07:30:21,146 : INFO : test_Signup_002  : 2008328659  
 2024-08-09 07:30:21,258 : INFO : test_Signup_002  : Click on Create user button  
 2024-08-09 07:30:21,661 : INFO : test_Signup_002  : Checking user creation  
 2024-08-09 07:30:22,786 : INFO : test_Signup_002  : Testcase test_Signup_002 is passed  
 2024-08-09 07:30:22,787 : INFO : test_Signup_002  : Taking screenshot  
 2024-08-09 07:30:22,997 : INFO : test_Signup_002  : Testcase test_Signup_002 is completed
  
 2024-08-10 07:32:30,079 : INFO : test_BankApp_Url_001  : Testcase test_BankApp_Url_001 is started  
 2024-08-10 07:32:30,080 : INFO : test_BankApp_Url_001  : Opening browser  
 2024-08-10 07:32:30,080 : INFO : test_BankApp_Url_001  : Checking page title  
 2024-08-10 07:32:30,095 : INFO : test_BankApp_Url_001  : Testcase test_BankApp_Url_001 is passed  
 2024-08-10 07:32:30,096 : INFO : test_BankApp_Url_001  : Taking screenshot  
 2024-08-10 07:32:30,542 : INFO : test_BankApp_Url_001  : Testcase test_BankApp_Url_001 is completed
  
 2024-08-10 07:32:42,896 : INFO : test_Signup_002  : Testcase test_Signup_002 is started  
 2024-08-10 07:32:42,896 : INFO : test_Signup_002  : Opening browser  
 2024-08-10 07:32:43,469 : INFO : test_Signup_002  : User0IbmFA  
 2024-08-10 07:32:43,654 : INFO : test_Signup_002  : Entering the Password  
 2024-08-10 07:32:43,950 : INFO : test_Signup_002  : UseroCPS0S@gmail.com  
 2024-08-10 07:32:44,239 : INFO : test_Signup_002  : 3324031544  
 2024-08-10 07:32:44,410 : INFO : test_Signup_002  : Click on Create user button  
 2024-08-10 07:32:44,857 : INFO : test_Signup_002  : Checking user creation  
 2024-08-10 07:32:45,927 : INFO : test_Signup_002  : Testcase test_Signup_002 is passed  
 2024-08-10 07:32:45,927 : INFO : test_Signup_002  : Taking screenshot  
 2024-08-10 07:32:46,269 : INFO : test_Signup_002  : Testcase test_Signup_002 is completed
  
 2024-08-10 07:32:56,555 : INFO : test_Login_003  : Testcase test_Login_003 is started  
 2024-08-10 07:32:56,555 : INFO : test_Login_003  : Opening browser  
 2024-08-10 07:32:56,555 : INFO : test_Login_003  : Click on Login link  
 2024-08-10 07:32:57,188 : INFO : test_Login_003  : Entering the username  
 2024-08-10 07:32:57,625 : INFO : test_Login_003  : Entering the password  
 2024-08-10 07:32:57,833 : INFO : test_Login_003  : Click on login button  
 2024-08-10 07:32:58,818 : INFO : test_Login_003  : Checking the page title  
 2024-08-10 07:32:58,842 : INFO : test_Login_003  : Testcase test_Login_003 is passed  
 2024-08-10 07:32:58,847 : INFO : test_Login_003  : Taking screenshot  
 2024-08-10 07:32:59,269 : INFO : test_Login_003  : Testcase test_Login_003 is completed
  
 2024-08-10 07:34:24,231 : INFO : test_Login_003  : Testcase test_Login_003 is started  
 2024-08-10 07:34:24,232 : INFO : test_Login_003  : Opening browser  
 2024-08-10 07:34:24,232 : INFO : test_Login_003  : Click on Login link  
 2024-08-10 07:34:27,466 : INFO : test_Login_003  : Entering the username  
 2024-08-10 07:34:29,575 : INFO : test_Login_003  : Entering the password  
 2024-08-10 07:34:29,764 : INFO : test_Login_003  : Click on login button  
 2024-08-10 07:34:37,781 : INFO : test_Login_003  : Checking the page title  
 2024-08-10 07:34:38,115 : INFO : test_Login_003  : Testcase test_Login_003 is passed  
 2024-08-10 07:34:38,116 : INFO : test_Login_003  : Taking screenshot  
 2024-08-10 07:34:39,744 : INFO : test_Login_003  : Testcase test_Login_003 is completed
  
 2024-08-10 07:37:47,043 : INFO : test_Login_003  : Testcase test_Login_003 is started  
 2024-08-10 07:37:47,044 : INFO : test_Login_003  : Opening browser  
 2024-08-10 07:37:47,045 : INFO : test_Login_003  : Click on Login link  
 2024-08-10 07:37:48,614 : INFO : test_Login_003  : Entering the username  
 2024-08-10 07:37:49,223 : INFO : test_Login_003  : Entering the password  
 2024-08-10 07:37:49,428 : INFO : test_Login_003  : Click on login button  
 2024-08-10 07:37:51,262 : INFO : test_Login_003  : Checking the page title  
 2024-08-10 07:37:51,475 : INFO : test_Login_003  : Testcase test_Login_003 is passed  
 2024-08-10 07:37:51,475 : INFO : test_Login_003  : Taking screenshot  
 2024-08-10 07:37:51,973 : INFO : test_Login_003  : Testcase test_Login_003 is completed
  
 2024-08-10 07:43:27,688 : INFO : test_BankApp_Url_001  : Testcase test_BankApp_Url_001 is started  
 2024-08-10 07:43:27,690 : INFO : test_BankApp_Url_001  : Opening browser  
 2024-08-10 07:43:27,690 : INFO : test_BankApp_Url_001  : Checking page title  
 2024-08-10 07:43:27,692 : INFO : test_Signup_002  : Testcase test_Signup_002 is started  
 2024-08-10 07:43:27,693 : INFO : test_Signup_002  : Opening browser  
 2024-08-10 07:43:27,704 : INFO : test_BankApp_Url_001  : Testcase test_BankApp_Url_001 is passed  
 2024-08-10 07:43:27,704 : INFO : test_BankApp_Url_001  : Taking screenshot  
 2024-08-10 07:43:29,281 : INFO : test_Signup_002  : UserzUjXxg  
 2024-08-10 07:43:29,425 : INFO : test_BankApp_Url_001  : Testcase test_BankApp_Url_001 is completed
  
 2024-08-10 07:43:30,120 : INFO : test_Signup_002  : Entering the Password  
 2024-08-10 07:43:30,401 : INFO : test_Signup_002  : UsertJ7gpj@gmail.com  
 2024-08-10 07:43:30,687 : INFO : test_Signup_002  : 4945720768  
 2024-08-10 07:43:30,922 : INFO : test_Signup_002  : Click on Create user button  
 2024-08-10 07:43:31,638 : INFO : test_Signup_002  : Checking user creation  
 2024-08-10 07:43:32,731 : INFO : test_Signup_002  : Testcase test_Signup_002 is passed  
 2024-08-10 07:43:32,731 : INFO : test_Signup_002  : Taking screenshot  
 2024-08-10 07:43:33,113 : INFO : test_Signup_002  : Testcase test_Signup_002 is completed
  
 2025-04-05 12:41:14,009 : INFO : test_BankApp_Url_001  : Testcase test_BankApp_Url_001 is started  
 2025-04-05 12:41:14,009 : INFO : test_BankApp_Url_001  : Opening browser  
 2025-04-05 12:41:14,010 : INFO : test_BankApp_Url_001  : Checking page title  
 2025-04-05 12:41:14,062 : INFO : test_BankApp_Url_001  : Testcase test_BankApp_Url_001 is passed  
 2025-04-05 12:41:14,062 : INFO : test_BankApp_Url_001  : Taking screenshot  
 2025-04-05 12:41:15,050 : INFO : test_BankApp_Url_001  : Testcase test_BankApp_Url_001 is completed
  
 2025-04-05 12:41:29,077 : INFO : test_Signup_002  : Testcase test_Signup_002 is started  
 2025-04-05 12:41:29,077 : INFO : test_Signup_002  : Opening browser  
 2025-04-05 12:41:29,933 : INFO : test_Signup_002  : Userliay51  
 2025-04-05 12:41:30,470 : INFO : test_Signup_002  : Entering the Password  
 2025-04-05 12:41:31,165 : INFO : test_Signup_002  : UserKCkwSa@gmail.com  
 2025-04-05 12:41:31,325 : INFO : test_Signup_002  : 9230445054  
 2025-04-05 12:41:31,446 : INFO : test_Signup_002  : Click on Create user button  
 2025-04-05 12:41:32,171 : INFO : test_Signup_002  : Checking user creation  
 2025-04-05 12:41:32,689 : INFO : test_Login_003  : Testcase test_Login_003 is started  
 2025-04-05 12:41:32,689 : INFO : test_Login_003  : Opening browser  
 2025-04-05 12:41:32,689 : INFO : test_Login_003  : Click on Login link  
 2025-04-05 12:41:33,251 : INFO : test_Signup_002  : Testcase test_Signup_002 is fail  
 2025-04-05 12:41:33,251 : INFO : test_Signup_002  : Taking screenshot  
 2025-04-05 12:41:33,520 : INFO : test_Login_003  : Entering the username  
 2025-04-05 12:41:33,654 : INFO : test_Signup_002  : Testcase test_Signup_002 is completed
  
 2025-04-05 12:41:33,689 : INFO : test_Login_003  : Entering the password  
 2025-04-05 12:41:33,861 : INFO : test_Login_003  : Click on login button  
 2025-04-05 12:41:35,008 : INFO : test_Login_003  : Checking the page title  
 2025-04-05 12:41:35,025 : INFO : test_Login_003  : Testcase test_Login_003 is passed  
 2025-04-05 12:41:35,025 : INFO : test_Login_003  : Taking screenshot  
 2025-04-05 12:41:35,291 : INFO : test_Login_003  : Testcase test_Login_003 is completed
  
 2025-04-05 12:49:32,104 : INFO : test_BankApp_Url_001  : Testcase test_BankApp_Url_001 is started  
 2025-04-05 12:49:32,105 : INFO : test_BankApp_Url_001  : Opening browser  
 2025-04-05 12:49:32,105 : INFO : test_BankApp_Url_001  : Checking page title  
 2025-04-05 12:49:32,135 : INFO : test_BankApp_Url_001  : Testcase test_BankApp_Url_001 is passed  
 2025-04-05 12:49:32,135 : INFO : test_BankApp_Url_001  : Taking screenshot  
 2025-04-05 12:49:32,638 : INFO : test_BankApp_Url_001  : Testcase test_BankApp_Url_001 is completed
  
 2025-04-05 12:49:50,742 : INFO : test_Signup_002  : Testcase test_Signup_002 is started  
 2025-04-05 12:49:50,742 : INFO : test_Signup_002  : Opening browser  
 2025-04-05 12:49:51,142 : INFO : test_Login_003  : Testcase test_Login_003 is started  
 2025-04-05 12:49:51,142 : INFO : test_Login_003  : Opening browser  
 2025-04-05 12:49:51,142 : INFO : test_Login_003  : Click on Login link  
 2025-04-05 12:49:51,547 : INFO : test_Signup_002  : Userprlptd  
 2025-04-05 12:49:51,755 : INFO : test_Login_003  : Entering the username  
 2025-04-05 12:49:51,911 : INFO : test_Signup_002  : Entering the Password  
 2025-04-05 12:49:51,951 : INFO : test_Login_003  : Entering the password  
 2025-04-05 12:49:52,031 : INFO : test_Signup_002  : User3PPIL2@gmail.com  
 2025-04-05 12:49:52,085 : INFO : test_Login_003  : Click on login button  
 2025-04-05 12:49:52,190 : INFO : test_Signup_002  : 9621202427  
 2025-04-05 12:49:52,302 : INFO : test_Signup_002  : Click on Create user button  
 2025-04-05 12:49:52,759 : INFO : test_Signup_002  : Checking user creation  
 2025-04-05 12:49:53,215 : INFO : test_Login_003  : Checking the page title  
 2025-04-05 12:49:53,235 : INFO : test_Login_003  : Testcase test_Login_003 is passed  
 2025-04-05 12:49:53,236 : INFO : test_Login_003  : Taking screenshot  
 2025-04-05 12:49:53,614 : INFO : test_Login_003  : Testcase test_Login_003 is completed
  
 2025-04-05 12:49:53,836 : INFO : test_Signup_002  : Testcase test_Signup_002 is fail  
 2025-04-05 12:49:53,836 : INFO : test_Signup_002  : Taking screenshot  
 2025-04-05 12:49:54,055 : INFO : test_Signup_002  : Testcase test_Signup_002 is completed
  
 2025-04-05 13:02:30,302 : INFO : test_Signup_002  : Testcase test_Signup_002 is started  
 2025-04-05 13:02:30,302 : INFO : test_Signup_002  : Opening browser  
 2025-04-05 13:02:30,811 : INFO : test_Signup_002  : User8JbmXe  
 2025-04-05 13:02:31,007 : INFO : test_Signup_002  : Entering the Password  
 2025-04-05 13:02:31,121 : INFO : test_Signup_002  : UserBuksOq@gmail.com  
 2025-04-05 13:02:31,220 : INFO : test_Signup_002  : 5696448068  
 2025-04-05 13:02:31,361 : INFO : test_Signup_002  : Click on Create user button  
 2025-04-05 13:02:31,941 : INFO : test_Signup_002  : Checking user creation  
 2025-04-05 13:02:33,021 : INFO : test_Signup_002  : Testcase test_Signup_002 is fail  
 2025-04-05 13:02:33,021 : INFO : test_Signup_002  : Taking screenshot  
 2025-04-05 13:02:33,630 : INFO : test_Signup_002  : Testcase test_Signup_002 is completed
  
 2025-04-05 13:04:15,284 : INFO : test_Signup_002  : Testcase test_Signup_002 is started  
 2025-04-05 13:04:15,285 : INFO : test_Signup_002  : Opening browser  
 2025-04-05 13:04:15,889 : INFO : test_Signup_002  : UseryKgLL0  
 2025-04-05 13:04:16,072 : INFO : test_Signup_002  : Entering the Password  
 2025-04-05 13:04:16,183 : INFO : test_Signup_002  : UserHo0LZD@gmail.com  
 2025-04-05 13:04:16,299 : INFO : test_Signup_002  : 6553127158  
 2025-04-05 13:04:16,381 : INFO : test_Signup_002  : Click on Create user button  
 2025-04-05 13:04:16,903 : INFO : test_Signup_002  : Checking user creation  
 2025-04-05 13:04:17,994 : INFO : test_Signup_002  : Testcase test_Signup_002 is fail  
 2025-04-05 13:04:17,994 : INFO : test_Signup_002  : Taking screenshot  
 2025-04-05 13:04:18,610 : INFO : test_Signup_002  : Testcase test_Signup_002 is completed
  
 2025-04-05 13:06:08,211 : INFO : test_Signup_002  : Testcase test_Signup_002 is started  
 2025-04-05 13:06:08,212 : INFO : test_Signup_002  : Opening browser  
 2025-04-05 13:06:09,069 : INFO : test_Signup_002  : UserAWAq8A  
 2025-04-05 13:06:09,305 : INFO : test_Signup_002  : Entering the Password  
 2025-04-05 13:06:09,409 : INFO : test_Signup_002  : UserUqdUMT@gmail.com  
 2025-04-05 13:06:09,562 : INFO : test_Signup_002  : 2219576779  
 2025-04-05 13:06:09,639 : INFO : test_Signup_002  : Click on Create user button  
 2025-04-05 13:06:10,032 : INFO : test_Signup_002  : Checking user creation  
 2025-04-05 13:06:11,114 : INFO : test_Signup_002  : Testcase test_Signup_002 is fail  
 2025-04-05 13:06:11,114 : INFO : test_Signup_002  : Taking screenshot  
 2025-04-05 13:06:11,814 : INFO : test_Signup_002  : Testcase test_Signup_002 is completed
  
 2025-04-05 13:12:27,411 : INFO : test_Signup_002  : Testcase test_Signup_002 is started  
 2025-04-05 13:12:27,411 : INFO : test_Signup_002  : Opening browser  
 2025-04-05 13:12:27,965 : INFO : test_Signup_002  : UserjfIOYZ  
 2025-04-05 13:12:28,192 : INFO : test_Signup_002  : Entering the Password  
 2025-04-05 13:12:28,276 : INFO : test_Signup_002  : User3eacfr@gmail.com  
 2025-04-05 13:12:28,428 : INFO : test_Signup_002  : 6470919113  
 2025-04-05 13:12:28,587 : INFO : test_Signup_002  : Click on Create user button  
 2025-04-05 13:12:28,990 : INFO : test_Signup_002  : Checking user creation  
 2025-04-05 13:12:30,070 : INFO : test_Signup_002  : Testcase test_Signup_002 is fail  
 2025-04-05 13:12:30,071 : INFO : test_Signup_002  : Taking screenshot  
 2025-04-05 13:12:30,740 : INFO : test_Signup_002  : Testcase test_Signup_002 is completed
  
 2025-04-05 13:35:17,795 : INFO : test_Signup_002  : Testcase test_Signup_002 is started  
 2025-04-05 13:35:17,800 : INFO : test_Signup_002  : Opening browser  
 2025-04-05 13:35:17,912 : INFO : test_BankApp_Url_001  : Testcase test_BankApp_Url_001 is started  
 2025-04-05 13:35:17,912 : INFO : test_BankApp_Url_001  : Opening browser  
 2025-04-05 13:35:17,912 : INFO : test_BankApp_Url_001  : Checking page title  
 2025-04-05 13:35:17,932 : INFO : test_BankApp_Url_001  : Testcase test_BankApp_Url_001 is passed  
 2025-04-05 13:35:17,933 : INFO : test_BankApp_Url_001  : Taking screenshot  
 2025-04-05 13:35:18,455 : INFO : test_BankApp_Url_001  : Testcase test_BankApp_Url_001 is completed
  
 2025-04-05 13:35:18,765 : INFO : test_Signup_002  : UserJqLtSa  
 2025-04-05 13:35:19,077 : INFO : test_Signup_002  : Entering the Password  
 2025-04-05 13:35:19,205 : INFO : test_Signup_002  : UserafmEA7@gmail.com  
 2025-04-05 13:35:19,388 : INFO : test_Signup_002  : 9328153370  
 2025-04-05 13:35:19,507 : INFO : test_Signup_002  : Click on Create user button  
 2025-04-05 13:35:19,964 : INFO : test_Signup_002  : Checking user creation  
 2025-04-05 13:35:21,084 : INFO : test_Signup_002  : Testcase test_Signup_002 is fail  
 2025-04-05 13:35:21,084 : INFO : test_Signup_002  : Taking screenshot  
 2025-04-05 13:35:21,465 : INFO : test_Signup_002  : Testcase test_Signup_002 is completed
  
 2025-04-05 13:37:28,692 : INFO : test_Login_003  : Testcase test_Login_003 is started  
 2025-04-05 13:37:28,695 : INFO : test_Login_003  : Opening browser  
 2025-04-05 13:37:28,695 : INFO : test_Login_003  : Click on Login link  
 2025-04-05 13:37:29,749 : INFO : test_Login_003  : Entering the username  
 2025-04-05 13:37:30,370 : INFO : test_Login_003  : Entering the password  
 2025-04-05 13:37:30,694 : INFO : test_Login_003  : Click on login button  
 2025-04-05 13:37:32,798 : INFO : test_Login_003  : Checking the page title  
 2025-04-05 13:37:32,805 : INFO : test_Login_003  : Testcase test_Login_003 is passed  
 2025-04-05 13:37:32,806 : INFO : test_Login_003  : Taking screenshot  
 2025-04-05 13:37:33,363 : INFO : test_Login_003  : Testcase test_Login_003 is completed
  
 2025-04-05 13:39:52,494 : INFO : test_Login_003  : Testcase test_Login_003 is started  
 2025-04-05 13:39:52,496 : INFO : test_Login_003  : Opening browser  
 2025-04-05 13:39:52,496 : INFO : test_Login_003  : Click on Login link  
 2025-04-05 13:39:53,604 : INFO : test_Login_003  : Entering the username  
 2025-04-05 13:39:53,877 : INFO : test_Login_003  : Entering the password  
 2025-04-05 13:39:54,006 : INFO : test_Login_003  : Click on login button  
 2025-04-05 13:39:55,685 : INFO : test_Login_003  : Checking the page title  
 2025-04-05 13:39:55,730 : INFO : test_Login_003  : Testcase test_Login_003 is passed  
 2025-04-05 13:39:55,731 : INFO : test_Login_003  : Taking screenshot  
 2025-04-05 13:39:56,079 : INFO : test_Login_003  : Testcase test_Login_003 is completed
  
